2015/07/14 04:23:45 [error] [system.db.CDbCommand] CDbCommand::fetchAll() failed: SQLSTATE[42S02]: Base table or view not found: 1146 Table 'db_ims.user_cache' doesn't exist. The SQL statement executed was: SHOW FULL COLUMNS FROM `user_cache`.
in D:\wamp\www\IMS\protected\modules\UserAdmin\components\UAccessController.php (235)
in D:\wamp\www\IMS\protected\modules\UserAdmin\components\UAccessController.php (115)
in D:\wamp\www\IMS\protected\modules\UserAdmin\components\UAccessController.php (45)
2015/07/14 04:23:45 [error] [exception.CDbException] exception 'CDbException' with message 'The table "user_cache" for active record class "UserCache" cannot be found in the database.' in D:\wamp\www\framework\db\ar\CActiveRecord.php:2362
Stack trace:
#0 D:\wamp\www\framework\db\ar\CActiveRecord.php(411): CActiveRecordMetaData->__construct(Object(UserCache))
#1 D:\wamp\www\framework\db\ar\CActiveRecord.php(658): CActiveRecord->getMetaData()
#2 D:\wamp\www\framework\db\ar\CActiveRecord.php(1350): CActiveRecord->getTableSchema()
#3 D:\wamp\www\framework\db\ar\CActiveRecord.php(1456): CActiveRecord->query(Object(CDbCriteria))
#4 D:\wamp\www\IMS\protected\modules\UserAdmin\components\UAccessController.php(235): CActiveRecord->find('is_guest = 1')
#5 D:\wamp\www\IMS\protected\modules\UserAdmin\components\UAccessController.php(115): UAccessController->_checkCache(true)
#6 D:\wamp\www\IMS\protected\modules\UserAdmin\components\UAccessController.php(45): UAccessController->_getGuestAllowedRoutes()
#7 D:\wamp\www\framework\web\filters\CInlineFilter.php(58): UAccessController->filterUserAdminControl(Object(CFilterChain))
#8 D:\wamp\www\framework\web\filters\CFilterChain.php(130): CInlineFilter->filter(Object(CFilterChain))
#9 D:\wamp\www\framework\web\CController.php(291): CFilterChain->run()
#10 D:\wamp\www\framework\web\CController.php(265): CController->runActionWithFilters(Object(CInlineAction), Array)
#11 D:\wamp\www\framework\web\CWebApplication.php(282): CController->run('')
#12 D:\wamp\www\framework\web\CWebApplication.php(141): CWebApplication->runController('')
#13 D:\wamp\www\framework\base\CApplication.php(180): CWebApplication->processRequest()
#14 D:\wamp\www\IMS\index.php(13): CApplication->run()
#15 {main}
REQUEST_URI=/IMS/
---
